[0.450s] Invoking command in '/home/hiro/ros2_ws/src/mypkg': PYTHONPATH=/home/hiro/ros2_ws/src/mypkg/build/mypkg/prefix_override:/usr/lib/python3/dist-packages/colcon_core/task/python/colcon_distutils_commands:/home/hiro/ros2_ws/src/mypkg/install/mypkg/lib/python3.8/site-packages:${PYTHONPATH} /usr/bin/python3 -W ignore:setup.py install is deprecated setup.py egg_info --egg-base build/mypkg build --build-base /home/hiro/ros2_ws/src/mypkg/build/mypkg/build install --record /home/hiro/ros2_ws/src/mypkg/build/mypkg/install.log --install-scripts $base/lib/mypkg --single-version-externally-managed install_data
[0.590s] running egg_info
[0.590s] creating build/mypkg/mypkg.egg-info
[0.590s] writing build/mypkg/mypkg.egg-info/PKG-INFO
[0.591s] writing dependency_links to build/mypkg/mypkg.egg-info/dependency_links.txt
[0.591s] writing entry points to build/mypkg/mypkg.egg-info/entry_points.txt
[0.591s] writing requirements to build/mypkg/mypkg.egg-info/requires.txt
[0.591s] writing top-level names to build/mypkg/mypkg.egg-info/top_level.txt
[0.592s] writing manifest file 'build/mypkg/mypkg.egg-info/SOURCES.txt'
[0.616s] reading manifest file 'build/mypkg/mypkg.egg-info/SOURCES.txt'
[0.617s] writing manifest file 'build/mypkg/mypkg.egg-info/SOURCES.txt'
[0.617s] running build
[0.617s] running build_py
[0.617s] creating /home/hiro/ros2_ws/src/mypkg/build/mypkg/build
[0.618s] creating /home/hiro/ros2_ws/src/mypkg/build/mypkg/build/lib
[0.618s] creating /home/hiro/ros2_ws/src/mypkg/build/mypkg/build/lib/mypkg
[0.618s] copying mypkg/listener.py -> /home/hiro/ros2_ws/src/mypkg/build/mypkg/build/lib/mypkg
[0.619s] copying mypkg/__init__.py -> /home/hiro/ros2_ws/src/mypkg/build/mypkg/build/lib/mypkg
[0.619s] copying mypkg/talker.py -> /home/hiro/ros2_ws/src/mypkg/build/mypkg/build/lib/mypkg
[0.619s] running install
[0.620s] running install_lib
[0.620s] creating /home/hiro/ros2_ws/src/mypkg/install/mypkg/lib/python3.8/site-packages/mypkg
[0.621s] copying /home/hiro/ros2_ws/src/mypkg/build/mypkg/build/lib/mypkg/listener.py -> /home/hiro/ros2_ws/src/mypkg/install/mypkg/lib/python3.8/site-packages/mypkg
[0.621s] copying /home/hiro/ros2_ws/src/mypkg/build/mypkg/build/lib/mypkg/__init__.py -> /home/hiro/ros2_ws/src/mypkg/install/mypkg/lib/python3.8/site-packages/mypkg
[0.622s] copying /home/hiro/ros2_ws/src/mypkg/build/mypkg/build/lib/mypkg/talker.py -> /home/hiro/ros2_ws/src/mypkg/install/mypkg/lib/python3.8/site-packages/mypkg
[0.622s] byte-compiling /home/hiro/ros2_ws/src/mypkg/install/mypkg/lib/python3.8/site-packages/mypkg/listener.py to listener.cpython-38.pyc
[0.624s] byte-compiling /home/hiro/ros2_ws/src/mypkg/install/mypkg/lib/python3.8/site-packages/mypkg/__init__.py to __init__.cpython-38.pyc
[0.624s] byte-compiling /home/hiro/ros2_ws/src/mypkg/install/mypkg/lib/python3.8/site-packages/mypkg/talker.py to talker.cpython-38.pyc
[0.624s] running install_data
[0.624s] creating /home/hiro/ros2_ws/src/mypkg/install/mypkg/share
[0.625s] creating /home/hiro/ros2_ws/src/mypkg/install/mypkg/share/ament_index
[0.625s] creating /home/hiro/ros2_ws/src/mypkg/install/mypkg/share/ament_index/resource_index
[0.625s] creating /home/hiro/ros2_ws/src/mypkg/install/mypkg/share/ament_index/resource_index/packages
[0.626s] copying resource/mypkg -> /home/hiro/ros2_ws/src/mypkg/install/mypkg/share/ament_index/resource_index/packages
[0.626s] creating /home/hiro/ros2_ws/src/mypkg/install/mypkg/share/mypkg
[0.626s] copying package.xml -> /home/hiro/ros2_ws/src/mypkg/install/mypkg/share/mypkg
[0.626s] running install_egg_info
[0.628s] Copying build/mypkg/mypkg.egg-info to /home/hiro/ros2_ws/src/mypkg/install/mypkg/lib/python3.8/site-packages/mypkg-0.0.0-py3.8.egg-info
[0.628s] running install_scripts
[0.642s] Installing listener script to /home/hiro/ros2_ws/src/mypkg/install/mypkg/lib/mypkg
[0.643s] Installing talker script to /home/hiro/ros2_ws/src/mypkg/install/mypkg/lib/mypkg
[0.643s] writing list of installed files to '/home/hiro/ros2_ws/src/mypkg/build/mypkg/install.log'
[0.662s] Invoked command in '/home/hiro/ros2_ws/src/mypkg' returned '0': PYTHONPATH=/home/hiro/ros2_ws/src/mypkg/build/mypkg/prefix_override:/usr/lib/python3/dist-packages/colcon_core/task/python/colcon_distutils_commands:/home/hiro/ros2_ws/src/mypkg/install/mypkg/lib/python3.8/site-packages:${PYTHONPATH} /usr/bin/python3 -W ignore:setup.py install is deprecated setup.py egg_info --egg-base build/mypkg build --build-base /home/hiro/ros2_ws/src/mypkg/build/mypkg/build install --record /home/hiro/ros2_ws/src/mypkg/build/mypkg/install.log --install-scripts $base/lib/mypkg --single-version-externally-managed install_data
